# JRE version: Java(TM) SE Runtime Environment (8.0_111-b14) (build 1.8.0_111-b14)
# Java VM: Java HotSpot(TM) 64-Bit Server VM (25.111-b14 mixed mode windows-amd64 compressed oops)
Heap:
 PSYoungGen      total 93184K, used 23094K [0x00000000d6400000, 0x00000000ddf80000, 0x0000000100000000)
  eden space 64512K, 5% used [0x00000000d6400000,0x00000000d6794800,0x00000000da300000)
  from space 28672K, 67% used [0x00000000dbf80000,0x00000000dd279240,0x00000000ddb80000)
  to   space 29184K, 0% used [0x00000000da300000,0x00000000da300000,0x00000000dbf80000)
 ParOldGen       total 136704K, used 40830K [0x0000000082c00000, 0x000000008b180000, 0x00000000d6400000)
  object space 136704K, 29% used [0x0000000082c00000,0x00000000853df9a0,0x000000008b180000)
 Metaspace       used 30225K, capacity 31824K, committed 32128K, reserved 1077248K
  class space    used 4046K, capacity 4371K, committed 4480K, reserved 1048576K
GC Heap History (10 events):
Event: 7.016 GC heap before
{Heap before GC invocations=4 (full 1):
 PSYoungGen      total 37888K, used 30447K [0x00000000d6400000, 0x00000000dae00000, 0x0000000100000000)
  eden space 32768K, 92% used [0x00000000d6400000,0x00000000d81bbed0,0x00000000d8400000)
  from space 5120K, 0% used [0x00000000d8900000,0x00000000d8900000,0x00000000d8e00000)
  to   space 5120K, 0% used [0x00000000d8400000,0x00000000d8400000,0x00000000d8900000)
 ParOldGen       total 64512K, used 8091K [0x0000000082c00000, 0x0000000086b00000, 0x00000000d6400000)
  object space 64512K, 12% used [0x0000000082c00000,0x00000000833e6f68,0x0000000086b00000)
 Metaspace       used 27403K, capacity 28892K, committed 29056K, reserved 1075200K
  class space    used 3802K, capacity 4119K, committed 4224K, reserved 1048576K
Event: 7.028 GC heap after
Heap after GC invocations=4 (full 1):
 PSYoungGen      total 37888K, used 5108K [0x00000000d6400000, 0x00000000d9880000, 0x0000000100000000)
  eden space 32768K, 0% used [0x00000000d6400000,0x00000000d6400000,0x00000000d8400000)
  from space 5120K, 99% used [0x00000000d8400000,0x00000000d88fd1b0,0x00000000d8900000)
  to   space 5120K, 0% used [0x00000000d9380000,0x00000000d9380000,0x00000000d9880000)
 ParOldGen       total 64512K, used 11106K [0x0000000082c00000, 0x0000000086b00000, 0x00000000d6400000)
  object space 64512K, 17% used [0x0000000082c00000,0x00000000836d8a78,0x0000000086b00000)
 Metaspace       used 27403K, capacity 28892K, committed 29056K, reserved 1075200K
  class space    used 3802K, capacity 4119K, committed 4224K, reserved 1048576K
}
Event: 7.565 GC heap before
{Heap before GC invocations=5 (full 1):
 PSYoungGen      total 37888K, used 36999K [0x00000000d6400000, 0x00000000d9880000, 0x0000000100000000)
  eden space 32768K, 97% used [0x00000000d6400000,0x00000000d8324bd0,0x00000000d8400000)
  from space 5120K, 99% used [0x00000000d8400000,0x00000000d88fd1b0,0x00000000d8900000)
  to   space 5120K, 0% used [0x00000000d9380000,0x00000000d9380000,0x00000000d9880000)
 ParOldGen       total 64512K, used 11106K [0x0000000082c00000, 0x0000000086b00000, 0x00000000d6400000)
  object space 64512K, 17% used [0x0000000082c00000,0x00000000836d8a78,0x0000000086b00000)
 Metaspace       used 28007K, capacity 29478K, committed 29568K, reserved 1075200K
  class space    used 3840K, capacity 4160K, committed 4224K, reserved 1048576K
Event: 7.607 GC heap after
Heap after GC invocations=5 (full 1):
 PSYoungGen      total 48640K, used 5111K [0x00000000d6400000, 0x00000000da000000, 0x0000000100000000)
  eden space 43520K, 0% used [0x00000000d6400000,0x00000000d6400000,0x00000000d8e80000)
  from space 5120K, 99% used [0x00000000d9380000,0x00000000d987df88,0x00000000d9880000)
  to   space 5120K, 0% used [0x00000000d8e80000,0x00000000d8e80000,0x00000000d9380000)
 ParOldGen       total 64512K, used 31059K [0x0000000082c00000, 0x0000000086b00000, 0x00000000d6400000)
  object space 64512K, 48% used [0x0000000082c00000,0x0000000084a54c00,0x0000000086b00000)
 Metaspace       used 28007K, capacity 29478K, committed 29568K, reserved 1075200K
  class space    used 3840K, capacity 4160K, committed 4224K, reserved 1048576K
}
Event: 44.427 GC heap before
{Heap before GC invocations=6 (full 1):
 PSYoungGen      total 48640K, used 47650K [0x00000000d6400000, 0x00000000da000000, 0x0000000100000000)
  eden space 43520K, 97% used [0x00000000d6400000,0x00000000d8d8a8f8,0x00000000d8e80000)
  from space 5120K, 99% used [0x00000000d9380000,0x00000000d987df88,0x00000000d9880000)
  to   space 5120K, 0% used [0x00000000d8e80000,0x00000000d8e80000,0x00000000d9380000)
 ParOldGen       total 64512K, used 31059K [0x0000000082c00000, 0x0000000086b00000, 0x00000000d6400000)
  object space 64512K, 48% used [0x0000000082c00000,0x0000000084a54c00,0x0000000086b00000)
 Metaspace       used 30123K, capacity 31718K, committed 31872K, reserved 1077248K
  class space    used 4039K, capacity 4364K, committed 4480K, reserved 1048576K
Event: 44.458 GC heap after
Heap after GC invocations=6 (full 1):
 PSYoungGen      total 48640K, used 5109K [0x00000000d6400000, 0x00000000ddb80000, 0x0000000100000000)
  eden space 43520K, 0% used [0x00000000d6400000,0x00000000d6400000,0x00000000d8e80000)
  from space 5120K, 99% used [0x00000000d8e80000,0x00000000d937d530,0x00000000d9380000)
  to   space 28672K, 0% used [0x00000000dbf80000,0x00000000dbf80000,0x00000000ddb80000)
 ParOldGen       total 64512K, used 48236K [0x0000000082c00000, 0x0000000086b00000, 0x00000000d6400000)
  object space 64512K, 74% used [0x0000000082c00000,0x0000000085b1b160,0x0000000086b00000)
 Metaspace       used 30123K, capacity 31718K, committed 31872K, reserved 1077248K
  class space    used 4039K, capacity 4364K, committed 4480K, reserved 1048576K
}
Event: 44.458 GC heap before
{Heap before GC invocations=7 (full 2):
 PSYoungGen      total 48640K, used 5109K [0x00000000d6400000, 0x00000000ddb80000, 0x0000000100000000)
  eden space 43520K, 0% used [0x00000000d6400000,0x00000000d6400000,0x00000000d8e80000)
  from space 5120K, 99% used [0x00000000d8e80000,0x00000000d937d530,0x00000000d9380000)
  to   space 28672K, 0% used [0x00000000dbf80000,0x00000000dbf80000,0x00000000ddb80000)
 ParOldGen       total 64512K, used 48236K [0x0000000082c00000, 0x0000000086b00000, 0x00000000d6400000)
  object space 64512K, 74% used [0x0000000082c00000,0x0000000085b1b160,0x0000000086b00000)
 Metaspace       used 30123K, capacity 31718K, committed 31872K, reserved 1077248K
  class space    used 4039K, capacity 4364K, committed 4480K, reserved 1048576K
Event: 44.574 GC heap after
Heap after GC invocations=7 (full 2):
 PSYoungGen      total 48640K, used 0K [0x00000000d6400000, 0x00000000ddb80000, 0x0000000100000000)
  eden space 43520K, 0% used [0x00000000d6400000,0x00000000d6400000,0x00000000d8e80000)
  from space 5120K, 0% used [0x00000000d8e80000,0x00000000d8e80000,0x00000000d9380000)
  to   space 28672K, 0% used [0x00000000dbf80000,0x00000000dbf80000,0x00000000ddb80000)
 ParOldGen       total 136704K, used 40822K [0x0000000082c00000, 0x000000008b180000, 0x00000000d6400000)
  object space 136704K, 29% used [0x0000000082c00000,0x00000000853dd9a0,0x000000008b180000)
 Metaspace       used 30123K, capacity 31718K, committed 31872K, reserved 1077248K
  class space    used 4039K, capacity 4364K, committed 4480K, reserved 1048576K
}
Event: 5041.417 GC heap before
{Heap before GC invocations=8 (full 2):
 PSYoungGen      total 48640K, used 43520K [0x00000000d6400000, 0x00000000ddb80000, 0x0000000100000000)
  eden space 43520K, 100% used [0x00000000d6400000,0x00000000d8e80000,0x00000000d8e80000)
  from space 5120K, 0% used [0x00000000d8e80000,0x00000000d8e80000,0x00000000d9380000)
  to   space 28672K, 0% used [0x00000000dbf80000,0x00000000dbf80000,0x00000000ddb80000)
 ParOldGen       total 136704K, used 40822K [0x0000000082c00000, 0x000000008b180000, 0x00000000d6400000)
  object space 136704K, 29% used [0x0000000082c00000,0x00000000853dd9a0,0x000000008b180000)
 Metaspace       used 30213K, capacity 31824K, committed 32128K, reserved 1077248K
  class space    used 4045K, capacity 4371K, committed 4480K, reserved 1048576K
Event: 5041.581 GC heap after
Heap after GC invocations=8 (full 2):
 PSYoungGen      total 93184K, used 19428K [0x00000000d6400000, 0x00000000ddf80000, 0x0000000100000000)
  eden space 64512K, 0% used [0x00000000d6400000,0x00000000d6400000,0x00000000da300000)
  from space 28672K, 67% used [0x00000000dbf80000,0x00000000dd279240,0x00000000ddb80000)
  to   space 29184K, 0% used [0x00000000da300000,0x00000000da300000,0x00000000dbf80000)
 ParOldGen       total 136704K, used 40830K [0x0000000082c00000, 0x000000008b180000, 0x00000000d6400000)
  object space 136704K, 29% used [0x0000000082c00000,0x00000000853df9a0,0x000000008b180000)
 Metaspace       used 30213K, capacity 31824K, committed 32128K, reserved 1077248K
  class space    used 4045K, capacity 4371K, committed 4480K, reserved 1048576K
}

